<?xml version="1.0" encoding="UTF-8"?>
<!-- Generated by org.testng.reporters.JUnitReportReporter -->
<testsuite hostname="Ankita" failures="0" tests="2" name="TestScripts.DashboardTest" time="183.757" errors="0" timestamp="2023-01-11T21:41:26 IST" skipped="0">
  <testcase classname="TestScripts.DashboardTest" name="loginTest" time="0.753"/>
  <system-out/>
  <testcase classname="TestScripts.DashboardTest" name="DashBoardTest" time="183.004"/>
  <system-out/>
</testsuite> <!-- TestScripts.DashboardTest -->
